11:09:34:Object reference not set to an instance of an object. 
    at JCB.UI.ReportTransaction.<>c__DisplayClass19.<rowCreated>b__18(Transaction t) in D:\KD\GSP\JCB\Source\JCB\JCB.UI\ReportTransaction.aspx.cs:line 396
   at System.Collections.Generic.List`1.FindAll(Predicate`1 match)
   at JCB.UI.ReportTransaction.rowCreated(Object sender, GridViewRowEventArgs e) in D:\KD\GSP\JCB\Source\JCB\JCB.UI\ReportTransaction.aspx.cs:line 394


11:09:34:Object reference not set to an instance of an object. 
    at JCB.UI.ReportTransaction.<>c__DisplayClass19.<rowCreated>b__18(Transaction t) in D:\KD\GSP\JCB\Source\JCB\JCB.UI\ReportTransaction.aspx.cs:line 396
   at System.Collections.Generic.List`1.FindAll(Predicate`1 match)
   at JCB.UI.ReportTransaction.rowCreated(Object sender, GridViewRowEventArgs e) in D:\KD\GSP\JCB\Source\JCB\JCB.UI\ReportTransaction.aspx.cs:line 394


11:09:34:Object reference not set to an instance of an object. 
    at JCB.UI.ReportTransaction.<>c__DisplayClass19.<rowCreated>b__18(Transaction t) in D:\KD\GSP\JCB\Source\JCB\JCB.UI\ReportTransaction.aspx.cs:line 396
   at System.Collections.Generic.List`1.FindAll(Predicate`1 match)
   at JCB.UI.ReportTransaction.rowCreated(Object sender, GridViewRowEventArgs e) in D:\KD\GSP\JCB\Source\JCB\JCB.UI\ReportTransaction.aspx.cs:line 394


11:09:34:Object reference not set to an instance of an object. 
    at JCB.UI.ReportTransaction.<>c__DisplayClass19.<rowCreated>b__18(Transaction t) in D:\KD\GSP\JCB\Source\JCB\JCB.UI\ReportTransaction.aspx.cs:line 396
   at System.Collections.Generic.List`1.FindAll(Predicate`1 match)
   at JCB.UI.ReportTransaction.rowCreated(Object sender, GridViewRowEventArgs e) in D:\KD\GSP\JCB\Source\JCB\JCB.UI\ReportTransaction.aspx.cs:line 394


11:09:34:Object reference not set to an instance of an object. 
    at JCB.UI.ReportTransaction.<>c__DisplayClass19.<rowCreated>b__18(Transaction t) in D:\KD\GSP\JCB\Source\JCB\JCB.UI\ReportTransaction.aspx.cs:line 396
   at System.Collections.Generic.List`1.FindAll(Predicate`1 match)
   at JCB.UI.ReportTransaction.rowCreated(Object sender, GridViewRowEventArgs e) in D:\KD\GSP\JCB\Source\JCB\JCB.UI\ReportTransaction.aspx.cs:line 394


11:09:34:Object reference not set to an instance of an object. 
    at JCB.UI.ReportTransaction.<>c__DisplayClass19.<rowCreated>b__18(Transaction t) in D:\KD\GSP\JCB\Source\JCB\JCB.UI\ReportTransaction.aspx.cs:line 396
   at System.Collections.Generic.List`1.FindAll(Predicate`1 match)
   at JCB.UI.ReportTransaction.rowCreated(Object sender, GridViewRowEventArgs e) in D:\KD\GSP\JCB\Source\JCB\JCB.UI\ReportTransaction.aspx.cs:line 394


11:09:34:Object reference not set to an instance of an object. 
    at JCB.UI.ReportTransaction.<>c__DisplayClass19.<rowCreated>b__18(Transaction t) in D:\KD\GSP\JCB\Source\JCB\JCB.UI\ReportTransaction.aspx.cs:line 396
   at System.Collections.Generic.List`1.FindAll(Predicate`1 match)
   at JCB.UI.ReportTransaction.rowCreated(Object sender, GridViewRowEventArgs e) in D:\KD\GSP\JCB\Source\JCB\JCB.UI\ReportTransaction.aspx.cs:line 394


11:09:34:Object reference not set to an instance of an object. 
    at JCB.UI.ReportTransaction.<>c__DisplayClass19.<rowCreated>b__18(Transaction t) in D:\KD\GSP\JCB\Source\JCB\JCB.UI\ReportTransaction.aspx.cs:line 396
   at System.Collections.Generic.List`1.FindAll(Predicate`1 match)
   at JCB.UI.ReportTransaction.rowCreated(Object sender, GridViewRowEventArgs e) in D:\KD\GSP\JCB\Source\JCB\JCB.UI\ReportTransaction.aspx.cs:line 394


11:09:34:Object reference not set to an instance of an object. 
    at JCB.UI.ReportTransaction.<>c__DisplayClass19.<rowCreated>b__18(Transaction t) in D:\KD\GSP\JCB\Source\JCB\JCB.UI\ReportTransaction.aspx.cs:line 396
   at System.Collections.Generic.List`1.FindAll(Predicate`1 match)
   at JCB.UI.ReportTransaction.rowCreated(Object sender, GridViewRowEventArgs e) in D:\KD\GSP\JCB\Source\JCB\JCB.UI\ReportTransaction.aspx.cs:line 394


11:09:34:Object reference not set to an instance of an object. 
    at JCB.UI.ReportTransaction.<>c__DisplayClass19.<rowCreated>b__18(Transaction t) in D:\KD\GSP\JCB\Source\JCB\JCB.UI\ReportTransaction.aspx.cs:line 396
   at System.Collections.Generic.List`1.FindAll(Predicate`1 match)
   at JCB.UI.ReportTransaction.rowCreated(Object sender, GridViewRowEventArgs e) in D:\KD\GSP\JCB\Source\JCB\JCB.UI\ReportTransaction.aspx.cs:line 394


11:09:34:Object reference not set to an instance of an object. 
    at JCB.UI.ReportTransaction.<>c__DisplayClass19.<rowCreated>b__18(Transaction t) in D:\KD\GSP\JCB\Source\JCB\JCB.UI\ReportTransaction.aspx.cs:line 396
   at System.Collections.Generic.List`1.FindAll(Predicate`1 match)
   at JCB.UI.ReportTransaction.rowCreated(Object sender, GridViewRowEventArgs e) in D:\KD\GSP\JCB\Source\JCB\JCB.UI\ReportTransaction.aspx.cs:line 394


11:09:43:Object reference not set to an instance of an object. 
    at JCB.UI.ReportTransaction.<>c__DisplayClass19.<rowCreated>b__18(Transaction t) in D:\KD\GSP\JCB\Source\JCB\JCB.UI\ReportTransaction.aspx.cs:line 396
   at System.Collections.Generic.List`1.FindAll(Predicate`1 match)
   at JCB.UI.ReportTransaction.rowCreated(Object sender, GridViewRowEventArgs e) in D:\KD\GSP\JCB\Source\JCB\JCB.UI\ReportTransaction.aspx.cs:line 394


11:09:43:Object reference not set to an instance of an object. 
    at JCB.UI.ReportTransaction.<>c__DisplayClass19.<rowCreated>b__18(Transaction t) in D:\KD\GSP\JCB\Source\JCB\JCB.UI\ReportTransaction.aspx.cs:line 396
   at System.Collections.Generic.List`1.FindAll(Predicate`1 match)
   at JCB.UI.ReportTransaction.rowCreated(Object sender, GridViewRowEventArgs e) in D:\KD\GSP\JCB\Source\JCB\JCB.UI\ReportTransaction.aspx.cs:line 394


11:09:43:Object reference not set to an instance of an object. 
    at JCB.UI.ReportTransaction.<>c__DisplayClass19.<rowCreated>b__18(Transaction t) in D:\KD\GSP\JCB\Source\JCB\JCB.UI\ReportTransaction.aspx.cs:line 396
   at System.Collections.Generic.List`1.FindAll(Predicate`1 match)
   at JCB.UI.ReportTransaction.rowCreated(Object sender, GridViewRowEventArgs e) in D:\KD\GSP\JCB\Source\JCB\JCB.UI\ReportTransaction.aspx.cs:line 394


11:09:43:Object reference not set to an instance of an object. 
    at JCB.UI.ReportTransaction.<>c__DisplayClass19.<rowCreated>b__18(Transaction t) in D:\KD\GSP\JCB\Source\JCB\JCB.UI\ReportTransaction.aspx.cs:line 396
   at System.Collections.Generic.List`1.FindAll(Predicate`1 match)
   at JCB.UI.ReportTransaction.rowCreated(Object sender, GridViewRowEventArgs e) in D:\KD\GSP\JCB\Source\JCB\JCB.UI\ReportTransaction.aspx.cs:line 394


11:09:43:Object reference not set to an instance of an object. 
    at JCB.UI.ReportTransaction.<>c__DisplayClass19.<rowCreated>b__18(Transaction t) in D:\KD\GSP\JCB\Source\JCB\JCB.UI\ReportTransaction.aspx.cs:line 396
   at System.Collections.Generic.List`1.FindAll(Predicate`1 match)
   at JCB.UI.ReportTransaction.rowCreated(Object sender, GridViewRowEventArgs e) in D:\KD\GSP\JCB\Source\JCB\JCB.UI\ReportTransaction.aspx.cs:line 394


11:09:43:Object reference not set to an instance of an object. 
    at JCB.UI.ReportTransaction.<>c__DisplayClass19.<rowCreated>b__18(Transaction t) in D:\KD\GSP\JCB\Source\JCB\JCB.UI\ReportTransaction.aspx.cs:line 396
   at System.Collections.Generic.List`1.FindAll(Predicate`1 match)
   at JCB.UI.ReportTransaction.rowCreated(Object sender, GridViewRowEventArgs e) in D:\KD\GSP\JCB\Source\JCB\JCB.UI\ReportTransaction.aspx.cs:line 394


11:09:43:Object reference not set to an instance of an object. 
    at JCB.UI.ReportTransaction.<>c__DisplayClass19.<rowCreated>b__18(Transaction t) in D:\KD\GSP\JCB\Source\JCB\JCB.UI\ReportTransaction.aspx.cs:line 396
   at System.Collections.Generic.List`1.FindAll(Predicate`1 match)
   at JCB.UI.ReportTransaction.rowCreated(Object sender, GridViewRowEventArgs e) in D:\KD\GSP\JCB\Source\JCB\JCB.UI\ReportTransaction.aspx.cs:line 394


11:09:44:Object reference not set to an instance of an object. 
    at JCB.UI.ReportTransaction.<>c__DisplayClass19.<rowCreated>b__18(Transaction t) in D:\KD\GSP\JCB\Source\JCB\JCB.UI\ReportTransaction.aspx.cs:line 396
   at System.Collections.Generic.List`1.FindAll(Predicate`1 match)
   at JCB.UI.ReportTransaction.rowCreated(Object sender, GridViewRowEventArgs e) in D:\KD\GSP\JCB\Source\JCB\JCB.UI\ReportTransaction.aspx.cs:line 394


11:09:44:Object reference not set to an instance of an object. 
    at JCB.UI.ReportTransaction.<>c__DisplayClass19.<rowCreated>b__18(Transaction t) in D:\KD\GSP\JCB\Source\JCB\JCB.UI\ReportTransaction.aspx.cs:line 396
   at System.Collections.Generic.List`1.FindAll(Predicate`1 match)
   at JCB.UI.ReportTransaction.rowCreated(Object sender, GridViewRowEventArgs e) in D:\KD\GSP\JCB\Source\JCB\JCB.UI\ReportTransaction.aspx.cs:line 394


11:09:44:Object reference not set to an instance of an object. 
    at JCB.UI.ReportTransaction.<>c__DisplayClass19.<rowCreated>b__18(Transaction t) in D:\KD\GSP\JCB\Source\JCB\JCB.UI\ReportTransaction.aspx.cs:line 396
   at System.Collections.Generic.List`1.FindAll(Predicate`1 match)
   at JCB.UI.ReportTransaction.rowCreated(Object sender, GridViewRowEventArgs e) in D:\KD\GSP\JCB\Source\JCB\JCB.UI\ReportTransaction.aspx.cs:line 394


11:09:44:Object reference not set to an instance of an object. 
    at JCB.UI.ReportTransaction.<>c__DisplayClass19.<rowCreated>b__18(Transaction t) in D:\KD\GSP\JCB\Source\JCB\JCB.UI\ReportTransaction.aspx.cs:line 396
   at System.Collections.Generic.List`1.FindAll(Predicate`1 match)
   at JCB.UI.ReportTransaction.rowCreated(Object sender, GridViewRowEventArgs e) in D:\KD\GSP\JCB\Source\JCB\JCB.UI\ReportTransaction.aspx.cs:line 394


11:09:46:Object reference not set to an instance of an object. 
    at JCB.UI.ReportTransaction.<>c__DisplayClass19.<rowCreated>b__18(Transaction t) in D:\KD\GSP\JCB\Source\JCB\JCB.UI\ReportTransaction.aspx.cs:line 396
   at System.Collections.Generic.List`1.FindAll(Predicate`1 match)
   at JCB.UI.ReportTransaction.rowCreated(Object sender, GridViewRowEventArgs e) in D:\KD\GSP\JCB\Source\JCB\JCB.UI\ReportTransaction.aspx.cs:line 394


11:09:46:Object reference not set to an instance of an object. 
    at JCB.UI.ReportTransaction.<>c__DisplayClass19.<rowCreated>b__18(Transaction t) in D:\KD\GSP\JCB\Source\JCB\JCB.UI\ReportTransaction.aspx.cs:line 396
   at System.Collections.Generic.List`1.FindAll(Predicate`1 match)
   at JCB.UI.ReportTransaction.rowCreated(Object sender, GridViewRowEventArgs e) in D:\KD\GSP\JCB\Source\JCB\JCB.UI\ReportTransaction.aspx.cs:line 394


11:09:46:Object reference not set to an instance of an object. 
    at JCB.UI.ReportTransaction.<>c__DisplayClass19.<rowCreated>b__18(Transaction t) in D:\KD\GSP\JCB\Source\JCB\JCB.UI\ReportTransaction.aspx.cs:line 396
   at System.Collections.Generic.List`1.FindAll(Predicate`1 match)
   at JCB.UI.ReportTransaction.rowCreated(Object sender, GridViewRowEventArgs e) in D:\KD\GSP\JCB\Source\JCB\JCB.UI\ReportTransaction.aspx.cs:line 394


11:09:46:Object reference not set to an instance of an object. 
    at JCB.UI.ReportTransaction.<>c__DisplayClass19.<rowCreated>b__18(Transaction t) in D:\KD\GSP\JCB\Source\JCB\JCB.UI\ReportTransaction.aspx.cs:line 396
   at System.Collections.Generic.List`1.FindAll(Predicate`1 match)
   at JCB.UI.ReportTransaction.rowCreated(Object sender, GridViewRowEventArgs e) in D:\KD\GSP\JCB\Source\JCB\JCB.UI\ReportTransaction.aspx.cs:line 394


11:09:46:Object reference not set to an instance of an object. 
    at JCB.UI.ReportTransaction.<>c__DisplayClass19.<rowCreated>b__18(Transaction t) in D:\KD\GSP\JCB\Source\JCB\JCB.UI\ReportTransaction.aspx.cs:line 396
   at System.Collections.Generic.List`1.FindAll(Predicate`1 match)
   at JCB.UI.ReportTransaction.rowCreated(Object sender, GridViewRowEventArgs e) in D:\KD\GSP\JCB\Source\JCB\JCB.UI\ReportTransaction.aspx.cs:line 394


11:09:46:Object reference not set to an instance of an object. 
    at JCB.UI.ReportTransaction.<>c__DisplayClass19.<rowCreated>b__18(Transaction t) in D:\KD\GSP\JCB\Source\JCB\JCB.UI\ReportTransaction.aspx.cs:line 396
   at System.Collections.Generic.List`1.FindAll(Predicate`1 match)
   at JCB.UI.ReportTransaction.rowCreated(Object sender, GridViewRowEventArgs e) in D:\KD\GSP\JCB\Source\JCB\JCB.UI\ReportTransaction.aspx.cs:line 394


11:09:46:Object reference not set to an instance of an object. 
    at JCB.UI.ReportTransaction.<>c__DisplayClass19.<rowCreated>b__18(Transaction t) in D:\KD\GSP\JCB\Source\JCB\JCB.UI\ReportTransaction.aspx.cs:line 396
   at System.Collections.Generic.List`1.FindAll(Predicate`1 match)
   at JCB.UI.ReportTransaction.rowCreated(Object sender, GridViewRowEventArgs e) in D:\KD\GSP\JCB\Source\JCB\JCB.UI\ReportTransaction.aspx.cs:line 394


11:09:47:Object reference not set to an instance of an object. 
    at JCB.UI.ReportTransaction.<>c__DisplayClass19.<rowCreated>b__18(Transaction t) in D:\KD\GSP\JCB\Source\JCB\JCB.UI\ReportTransaction.aspx.cs:line 396
   at System.Collections.Generic.List`1.FindAll(Predicate`1 match)
   at JCB.UI.ReportTransaction.rowCreated(Object sender, GridViewRowEventArgs e) in D:\KD\GSP\JCB\Source\JCB\JCB.UI\ReportTransaction.aspx.cs:line 394


11:09:47:Object reference not set to an instance of an object. 
    at JCB.UI.ReportTransaction.<>c__DisplayClass19.<rowCreated>b__18(Transaction t) in D:\KD\GSP\JCB\Source\JCB\JCB.UI\ReportTransaction.aspx.cs:line 396
   at System.Collections.Generic.List`1.FindAll(Predicate`1 match)
   at JCB.UI.ReportTransaction.rowCreated(Object sender, GridViewRowEventArgs e) in D:\KD\GSP\JCB\Source\JCB\JCB.UI\ReportTransaction.aspx.cs:line 394


11:09:47:Object reference not set to an instance of an object. 
    at JCB.UI.ReportTransaction.<>c__DisplayClass19.<rowCreated>b__18(Transaction t) in D:\KD\GSP\JCB\Source\JCB\JCB.UI\ReportTransaction.aspx.cs:line 396
   at System.Collections.Generic.List`1.FindAll(Predicate`1 match)
   at JCB.UI.ReportTransaction.rowCreated(Object sender, GridViewRowEventArgs e) in D:\KD\GSP\JCB\Source\JCB\JCB.UI\ReportTransaction.aspx.cs:line 394


11:09:47:Object reference not set to an instance of an object. 
    at JCB.UI.ReportTransaction.<>c__DisplayClass19.<rowCreated>b__18(Transaction t) in D:\KD\GSP\JCB\Source\JCB\JCB.UI\ReportTransaction.aspx.cs:line 396
   at System.Collections.Generic.List`1.FindAll(Predicate`1 match)
   at JCB.UI.ReportTransaction.rowCreated(Object sender, GridViewRowEventArgs e) in D:\KD\GSP\JCB\Source\JCB\JCB.UI\ReportTransaction.aspx.cs:line 394


11:10:59:Object reference not set to an instance of an object. 
    at JCB.UI.ReportTransaction.<>c__DisplayClass19.<rowCreated>b__18(Transaction t) in D:\KD\GSP\JCB\Source\JCB\JCB.UI\ReportTransaction.aspx.cs:line 393
   at System.Collections.Generic.List`1.FindAll(Predicate`1 match)
   at JCB.UI.ReportTransaction.rowCreated(Object sender, GridViewRowEventArgs e) in D:\KD\GSP\JCB\Source\JCB\JCB.UI\ReportTransaction.aspx.cs:line 391


11:11:00:Object reference not set to an instance of an object. 
    at JCB.UI.ReportTransaction.<>c__DisplayClass19.<rowCreated>b__18(Transaction t) in D:\KD\GSP\JCB\Source\JCB\JCB.UI\ReportTransaction.aspx.cs:line 393
   at System.Collections.Generic.List`1.FindAll(Predicate`1 match)
   at JCB.UI.ReportTransaction.rowCreated(Object sender, GridViewRowEventArgs e) in D:\KD\GSP\JCB\Source\JCB\JCB.UI\ReportTransaction.aspx.cs:line 391


11:11:00:Object reference not set to an instance of an object. 
    at JCB.UI.ReportTransaction.<>c__DisplayClass19.<rowCreated>b__18(Transaction t) in D:\KD\GSP\JCB\Source\JCB\JCB.UI\ReportTransaction.aspx.cs:line 393
   at System.Collections.Generic.List`1.FindAll(Predicate`1 match)
   at JCB.UI.ReportTransaction.rowCreated(Object sender, GridViewRowEventArgs e) in D:\KD\GSP\JCB\Source\JCB\JCB.UI\ReportTransaction.aspx.cs:line 391


11:11:00:Object reference not set to an instance of an object. 
    at JCB.UI.ReportTransaction.<>c__DisplayClass19.<rowCreated>b__18(Transaction t) in D:\KD\GSP\JCB\Source\JCB\JCB.UI\ReportTransaction.aspx.cs:line 393
   at System.Collections.Generic.List`1.FindAll(Predicate`1 match)
   at JCB.UI.ReportTransaction.rowCreated(Object sender, GridViewRowEventArgs e) in D:\KD\GSP\JCB\Source\JCB\JCB.UI\ReportTransaction.aspx.cs:line 391


11:11:00:Object reference not set to an instance of an object. 
    at JCB.UI.ReportTransaction.<>c__DisplayClass19.<rowCreated>b__18(Transaction t) in D:\KD\GSP\JCB\Source\JCB\JCB.UI\ReportTransaction.aspx.cs:line 393
   at System.Collections.Generic.List`1.FindAll(Predicate`1 match)
   at JCB.UI.ReportTransaction.rowCreated(Object sender, GridViewRowEventArgs e) in D:\KD\GSP\JCB\Source\JCB\JCB.UI\ReportTransaction.aspx.cs:line 391


11:11:00:Object reference not set to an instance of an object. 
    at JCB.UI.ReportTransaction.<>c__DisplayClass19.<rowCreated>b__18(Transaction t) in D:\KD\GSP\JCB\Source\JCB\JCB.UI\ReportTransaction.aspx.cs:line 393
   at System.Collections.Generic.List`1.FindAll(Predicate`1 match)
   at JCB.UI.ReportTransaction.rowCreated(Object sender, GridViewRowEventArgs e) in D:\KD\GSP\JCB\Source\JCB\JCB.UI\ReportTransaction.aspx.cs:line 391


11:11:00:Object reference not set to an instance of an object. 
    at JCB.UI.ReportTransaction.<>c__DisplayClass19.<rowCreated>b__18(Transaction t) in D:\KD\GSP\JCB\Source\JCB\JCB.UI\ReportTransaction.aspx.cs:line 393
   at System.Collections.Generic.List`1.FindAll(Predicate`1 match)
   at JCB.UI.ReportTransaction.rowCreated(Object sender, GridViewRowEventArgs e) in D:\KD\GSP\JCB\Source\JCB\JCB.UI\ReportTransaction.aspx.cs:line 391


11:11:00:Object reference not set to an instance of an object. 
    at JCB.UI.ReportTransaction.<>c__DisplayClass19.<rowCreated>b__18(Transaction t) in D:\KD\GSP\JCB\Source\JCB\JCB.UI\ReportTransaction.aspx.cs:line 393
   at System.Collections.Generic.List`1.FindAll(Predicate`1 match)
   at JCB.UI.ReportTransaction.rowCreated(Object sender, GridViewRowEventArgs e) in D:\KD\GSP\JCB\Source\JCB\JCB.UI\ReportTransaction.aspx.cs:line 391


11:11:00:Object reference not set to an instance of an object. 
    at JCB.UI.ReportTransaction.<>c__DisplayClass19.<rowCreated>b__18(Transaction t) in D:\KD\GSP\JCB\Source\JCB\JCB.UI\ReportTransaction.aspx.cs:line 393
   at System.Collections.Generic.List`1.FindAll(Predicate`1 match)
   at JCB.UI.ReportTransaction.rowCreated(Object sender, GridViewRowEventArgs e) in D:\KD\GSP\JCB\Source\JCB\JCB.UI\ReportTransaction.aspx.cs:line 391


11:11:00:Object reference not set to an instance of an object. 
    at JCB.UI.ReportTransaction.<>c__DisplayClass19.<rowCreated>b__18(Transaction t) in D:\KD\GSP\JCB\Source\JCB\JCB.UI\ReportTransaction.aspx.cs:line 393
   at System.Collections.Generic.List`1.FindAll(Predicate`1 match)
   at JCB.UI.ReportTransaction.rowCreated(Object sender, GridViewRowEventArgs e) in D:\KD\GSP\JCB\Source\JCB\JCB.UI\ReportTransaction.aspx.cs:line 391


11:11:00:Object reference not set to an instance of an object. 
    at JCB.UI.ReportTransaction.<>c__DisplayClass19.<rowCreated>b__18(Transaction t) in D:\KD\GSP\JCB\Source\JCB\JCB.UI\ReportTransaction.aspx.cs:line 393
   at System.Collections.Generic.List`1.FindAll(Predicate`1 match)
   at JCB.UI.ReportTransaction.rowCreated(Object sender, GridViewRowEventArgs e) in D:\KD\GSP\JCB\Source\JCB\JCB.UI\ReportTransaction.aspx.cs:line 391


11:11:10:Object reference not set to an instance of an object. 
    at JCB.UI.ReportTransaction.<>c__DisplayClass19.<rowCreated>b__18(Transaction t) in D:\KD\GSP\JCB\Source\JCB\JCB.UI\ReportTransaction.aspx.cs:line 393
   at System.Collections.Generic.List`1.FindAll(Predicate`1 match)
   at JCB.UI.ReportTransaction.rowCreated(Object sender, GridViewRowEventArgs e) in D:\KD\GSP\JCB\Source\JCB\JCB.UI\ReportTransaction.aspx.cs:line 391


11:11:10:Object reference not set to an instance of an object. 
    at JCB.UI.ReportTransaction.<>c__DisplayClass19.<rowCreated>b__18(Transaction t) in D:\KD\GSP\JCB\Source\JCB\JCB.UI\ReportTransaction.aspx.cs:line 393
   at System.Collections.Generic.List`1.FindAll(Predicate`1 match)
   at JCB.UI.ReportTransaction.rowCreated(Object sender, GridViewRowEventArgs e) in D:\KD\GSP\JCB\Source\JCB\JCB.UI\ReportTransaction.aspx.cs:line 391


11:11:10:Object reference not set to an instance of an object. 
    at JCB.UI.ReportTransaction.<>c__DisplayClass19.<rowCreated>b__18(Transaction t) in D:\KD\GSP\JCB\Source\JCB\JCB.UI\ReportTransaction.aspx.cs:line 393
   at System.Collections.Generic.List`1.FindAll(Predicate`1 match)
   at JCB.UI.ReportTransaction.rowCreated(Object sender, GridViewRowEventArgs e) in D:\KD\GSP\JCB\Source\JCB\JCB.UI\ReportTransaction.aspx.cs:line 391


11:11:10:Object reference not set to an instance of an object. 
    at JCB.UI.ReportTransaction.<>c__DisplayClass19.<rowCreated>b__18(Transaction t) in D:\KD\GSP\JCB\Source\JCB\JCB.UI\ReportTransaction.aspx.cs:line 393
   at System.Collections.Generic.List`1.FindAll(Predicate`1 match)
   at JCB.UI.ReportTransaction.rowCreated(Object sender, GridViewRowEventArgs e) in D:\KD\GSP\JCB\Source\JCB\JCB.UI\ReportTransaction.aspx.cs:line 391


11:11:10:Object reference not set to an instance of an object. 
    at JCB.UI.ReportTransaction.<>c__DisplayClass19.<rowCreated>b__18(Transaction t) in D:\KD\GSP\JCB\Source\JCB\JCB.UI\ReportTransaction.aspx.cs:line 393
   at System.Collections.Generic.List`1.FindAll(Predicate`1 match)
   at JCB.UI.ReportTransaction.rowCreated(Object sender, GridViewRowEventArgs e) in D:\KD\GSP\JCB\Source\JCB\JCB.UI\ReportTransaction.aspx.cs:line 391


11:12:25:Object reference not set to an instance of an object. 
    at JCB.UI.ReportTransaction.<>c__DisplayClass19.<rowCreated>b__18(Transaction t) in D:\KD\GSP\JCB\Source\JCB\JCB.UI\ReportTransaction.aspx.cs:line 393
   at System.Collections.Generic.List`1.FindAll(Predicate`1 match)
   at JCB.UI.ReportTransaction.rowCreated(Object sender, GridViewRowEventArgs e) in D:\KD\GSP\JCB\Source\JCB\JCB.UI\ReportTransaction.aspx.cs:line 391


11:12:25:Object reference not set to an instance of an object. 
    at JCB.UI.ReportTransaction.<>c__DisplayClass19.<rowCreated>b__18(Transaction t) in D:\KD\GSP\JCB\Source\JCB\JCB.UI\ReportTransaction.aspx.cs:line 393
   at System.Collections.Generic.List`1.FindAll(Predicate`1 match)
   at JCB.UI.ReportTransaction.rowCreated(Object sender, GridViewRowEventArgs e) in D:\KD\GSP\JCB\Source\JCB\JCB.UI\ReportTransaction.aspx.cs:line 391


11:12:25:Object reference not set to an instance of an object. 
    at JCB.UI.ReportTransaction.<>c__DisplayClass19.<rowCreated>b__18(Transaction t) in D:\KD\GSP\JCB\Source\JCB\JCB.UI\ReportTransaction.aspx.cs:line 393
   at System.Collections.Generic.List`1.FindAll(Predicate`1 match)
   at JCB.UI.ReportTransaction.rowCreated(Object sender, GridViewRowEventArgs e) in D:\KD\GSP\JCB\Source\JCB\JCB.UI\ReportTransaction.aspx.cs:line 391


11:12:25:Object reference not set to an instance of an object. 
    at JCB.UI.ReportTransaction.<>c__DisplayClass19.<rowCreated>b__18(Transaction t) in D:\KD\GSP\JCB\Source\JCB\JCB.UI\ReportTransaction.aspx.cs:line 393
   at System.Collections.Generic.List`1.FindAll(Predicate`1 match)
   at JCB.UI.ReportTransaction.rowCreated(Object sender, GridViewRowEventArgs e) in D:\KD\GSP\JCB\Source\JCB\JCB.UI\ReportTransaction.aspx.cs:line 391


11:12:25:Object reference not set to an instance of an object. 
    at JCB.UI.ReportTransaction.<>c__DisplayClass19.<rowCreated>b__18(Transaction t) in D:\KD\GSP\JCB\Source\JCB\JCB.UI\ReportTransaction.aspx.cs:line 393
   at System.Collections.Generic.List`1.FindAll(Predicate`1 match)
   at JCB.UI.ReportTransaction.rowCreated(Object sender, GridViewRowEventArgs e) in D:\KD\GSP\JCB\Source\JCB\JCB.UI\ReportTransaction.aspx.cs:line 391


11:12:25:Object reference not set to an instance of an object. 
    at JCB.UI.ReportTransaction.<>c__DisplayClass19.<rowCreated>b__18(Transaction t) in D:\KD\GSP\JCB\Source\JCB\JCB.UI\ReportTransaction.aspx.cs:line 393
   at System.Collections.Generic.List`1.FindAll(Predicate`1 match)
   at JCB.UI.ReportTransaction.rowCreated(Object sender, GridViewRowEventArgs e) in D:\KD\GSP\JCB\Source\JCB\JCB.UI\ReportTransaction.aspx.cs:line 391


11:12:25:Object reference not set to an instance of an object. 
    at JCB.UI.ReportTransaction.<>c__DisplayClass19.<rowCreated>b__18(Transaction t) in D:\KD\GSP\JCB\Source\JCB\JCB.UI\ReportTransaction.aspx.cs:line 393
   at System.Collections.Generic.List`1.FindAll(Predicate`1 match)
   at JCB.UI.ReportTransaction.rowCreated(Object sender, GridViewRowEventArgs e) in D:\KD\GSP\JCB\Source\JCB\JCB.UI\ReportTransaction.aspx.cs:line 391


11:12:26:Object reference not set to an instance of an object. 
    at JCB.UI.ReportTransaction.<>c__DisplayClass19.<rowCreated>b__18(Transaction t) in D:\KD\GSP\JCB\Source\JCB\JCB.UI\ReportTransaction.aspx.cs:line 393
   at System.Collections.Generic.List`1.FindAll(Predicate`1 match)
   at JCB.UI.ReportTransaction.rowCreated(Object sender, GridViewRowEventArgs e) in D:\KD\GSP\JCB\Source\JCB\JCB.UI\ReportTransaction.aspx.cs:line 391


11:12:26:Object reference not set to an instance of an object. 
    at JCB.UI.ReportTransaction.<>c__DisplayClass19.<rowCreated>b__18(Transaction t) in D:\KD\GSP\JCB\Source\JCB\JCB.UI\ReportTransaction.aspx.cs:line 393
   at System.Collections.Generic.List`1.FindAll(Predicate`1 match)
   at JCB.UI.ReportTransaction.rowCreated(Object sender, GridViewRowEventArgs e) in D:\KD\GSP\JCB\Source\JCB\JCB.UI\ReportTransaction.aspx.cs:line 391


11:12:26:Object reference not set to an instance of an object. 
    at JCB.UI.ReportTransaction.<>c__DisplayClass19.<rowCreated>b__18(Transaction t) in D:\KD\GSP\JCB\Source\JCB\JCB.UI\ReportTransaction.aspx.cs:line 393
   at System.Collections.Generic.List`1.FindAll(Predicate`1 match)
   at JCB.UI.ReportTransaction.rowCreated(Object sender, GridViewRowEventArgs e) in D:\KD\GSP\JCB\Source\JCB\JCB.UI\ReportTransaction.aspx.cs:line 391


11:12:26:Object reference not set to an instance of an object. 
    at JCB.UI.ReportTransaction.<>c__DisplayClass19.<rowCreated>b__18(Transaction t) in D:\KD\GSP\JCB\Source\JCB\JCB.UI\ReportTransaction.aspx.cs:line 393
   at System.Collections.Generic.List`1.FindAll(Predicate`1 match)
   at JCB.UI.ReportTransaction.rowCreated(Object sender, GridViewRowEventArgs e) in D:\KD\GSP\JCB\Source\JCB\JCB.UI\ReportTransaction.aspx.cs:line 391


11:12:39:Object reference not set to an instance of an object. 
    at JCB.UI.ReportTransaction.<>c__DisplayClass19.<rowCreated>b__18(Transaction t) in D:\KD\GSP\JCB\Source\JCB\JCB.UI\ReportTransaction.aspx.cs:line 393
   at System.Collections.Generic.List`1.FindAll(Predicate`1 match)
   at JCB.UI.ReportTransaction.rowCreated(Object sender, GridViewRowEventArgs e) in D:\KD\GSP\JCB\Source\JCB\JCB.UI\ReportTransaction.aspx.cs:line 391


11:12:39:Object reference not set to an instance of an object. 
    at JCB.UI.ReportTransaction.<>c__DisplayClass19.<rowCreated>b__18(Transaction t) in D:\KD\GSP\JCB\Source\JCB\JCB.UI\ReportTransaction.aspx.cs:line 393
   at System.Collections.Generic.List`1.FindAll(Predicate`1 match)
   at JCB.UI.ReportTransaction.rowCreated(Object sender, GridViewRowEventArgs e) in D:\KD\GSP\JCB\Source\JCB\JCB.UI\ReportTransaction.aspx.cs:line 391


11:12:39:Object reference not set to an instance of an object. 
    at JCB.UI.ReportTransaction.<>c__DisplayClass19.<rowCreated>b__18(Transaction t) in D:\KD\GSP\JCB\Source\JCB\JCB.UI\ReportTransaction.aspx.cs:line 393
   at System.Collections.Generic.List`1.FindAll(Predicate`1 match)
   at JCB.UI.ReportTransaction.rowCreated(Object sender, GridViewRowEventArgs e) in D:\KD\GSP\JCB\Source\JCB\JCB.UI\ReportTransaction.aspx.cs:line 391


11:12:39:Object reference not set to an instance of an object. 
    at JCB.UI.ReportTransaction.<>c__DisplayClass19.<rowCreated>b__18(Transaction t) in D:\KD\GSP\JCB\Source\JCB\JCB.UI\ReportTransaction.aspx.cs:line 393
   at System.Collections.Generic.List`1.FindAll(Predicate`1 match)
   at JCB.UI.ReportTransaction.rowCreated(Object sender, GridViewRowEventArgs e) in D:\KD\GSP\JCB\Source\JCB\JCB.UI\ReportTransaction.aspx.cs:line 391


11:12:39:Object reference not set to an instance of an object. 
    at JCB.UI.ReportTransaction.<>c__DisplayClass19.<rowCreated>b__18(Transaction t) in D:\KD\GSP\JCB\Source\JCB\JCB.UI\ReportTransaction.aspx.cs:line 393
   at System.Collections.Generic.List`1.FindAll(Predicate`1 match)
   at JCB.UI.ReportTransaction.rowCreated(Object sender, GridViewRowEventArgs e) in D:\KD\GSP\JCB\Source\JCB\JCB.UI\ReportTransaction.aspx.cs:line 391


11:12:39:Object reference not set to an instance of an object. 
    at JCB.UI.ReportTransaction.<>c__DisplayClass19.<rowCreated>b__18(Transaction t) in D:\KD\GSP\JCB\Source\JCB\JCB.UI\ReportTransaction.aspx.cs:line 393
   at System.Collections.Generic.List`1.FindAll(Predicate`1 match)
   at JCB.UI.ReportTransaction.rowCreated(Object sender, GridViewRowEventArgs e) in D:\KD\GSP\JCB\Source\JCB\JCB.UI\ReportTransaction.aspx.cs:line 391


11:12:39:Object reference not set to an instance of an object. 
    at JCB.UI.ReportTransaction.<>c__DisplayClass19.<rowCreated>b__18(Transaction t) in D:\KD\GSP\JCB\Source\JCB\JCB.UI\ReportTransaction.aspx.cs:line 393
   at System.Collections.Generic.List`1.FindAll(Predicate`1 match)
   at JCB.UI.ReportTransaction.rowCreated(Object sender, GridViewRowEventArgs e) in D:\KD\GSP\JCB\Source\JCB\JCB.UI\ReportTransaction.aspx.cs:line 391


11:12:39:Object reference not set to an instance of an object. 
    at JCB.UI.ReportTransaction.<>c__DisplayClass19.<rowCreated>b__18(Transaction t) in D:\KD\GSP\JCB\Source\JCB\JCB.UI\ReportTransaction.aspx.cs:line 393
   at System.Collections.Generic.List`1.FindAll(Predicate`1 match)
   at JCB.UI.ReportTransaction.rowCreated(Object sender, GridViewRowEventArgs e) in D:\KD\GSP\JCB\Source\JCB\JCB.UI\ReportTransaction.aspx.cs:line 391


11:12:39:Object reference not set to an instance of an object. 
    at JCB.UI.ReportTransaction.<>c__DisplayClass19.<rowCreated>b__18(Transaction t) in D:\KD\GSP\JCB\Source\JCB\JCB.UI\ReportTransaction.aspx.cs:line 393
   at System.Collections.Generic.List`1.FindAll(Predicate`1 match)
   at JCB.UI.ReportTransaction.rowCreated(Object sender, GridViewRowEventArgs e) in D:\KD\GSP\JCB\Source\JCB\JCB.UI\ReportTransaction.aspx.cs:line 391


11:12:39:Object reference not set to an instance of an object. 
    at JCB.UI.ReportTransaction.<>c__DisplayClass19.<rowCreated>b__18(Transaction t) in D:\KD\GSP\JCB\Source\JCB\JCB.UI\ReportTransaction.aspx.cs:line 393
   at System.Collections.Generic.List`1.FindAll(Predicate`1 match)
   at JCB.UI.ReportTransaction.rowCreated(Object sender, GridViewRowEventArgs e) in D:\KD\GSP\JCB\Source\JCB\JCB.UI\ReportTransaction.aspx.cs:line 391


11:12:39:Object reference not set to an instance of an object. 
    at JCB.UI.ReportTransaction.<>c__DisplayClass19.<rowCreated>b__18(Transaction t) in D:\KD\GSP\JCB\Source\JCB\JCB.UI\ReportTransaction.aspx.cs:line 393
   at System.Collections.Generic.List`1.FindAll(Predicate`1 match)
   at JCB.UI.ReportTransaction.rowCreated(Object sender, GridViewRowEventArgs e) in D:\KD\GSP\JCB\Source\JCB\JCB.UI\ReportTransaction.aspx.cs:line 391


11:12:48:Object reference not set to an instance of an object. 
    at JCB.UI.ReportTransaction.<>c__DisplayClass19.<rowCreated>b__18(Transaction t) in D:\KD\GSP\JCB\Source\JCB\JCB.UI\ReportTransaction.aspx.cs:line 393
   at System.Collections.Generic.List`1.FindAll(Predicate`1 match)
   at JCB.UI.ReportTransaction.rowCreated(Object sender, GridViewRowEventArgs e) in D:\KD\GSP\JCB\Source\JCB\JCB.UI\ReportTransaction.aspx.cs:line 391


11:12:48:Object reference not set to an instance of an object. 
    at JCB.UI.ReportTransaction.<>c__DisplayClass19.<rowCreated>b__18(Transaction t) in D:\KD\GSP\JCB\Source\JCB\JCB.UI\ReportTransaction.aspx.cs:line 393
   at System.Collections.Generic.List`1.FindAll(Predicate`1 match)
   at JCB.UI.ReportTransaction.rowCreated(Object sender, GridViewRowEventArgs e) in D:\KD\GSP\JCB\Source\JCB\JCB.UI\ReportTransaction.aspx.cs:line 391


11:15:14:Object reference not set to an instance of an object. 
    at JCB.UI.ReportTransaction.<>c__DisplayClass19.<rowCreated>b__18(Transaction t) in D:\KD\GSP\JCB\Source\JCB\JCB.UI\ReportTransaction.aspx.cs:line 397
   at System.Collections.Generic.List`1.FindAll(Predicate`1 match)
   at JCB.UI.ReportTransaction.rowCreated(Object sender, GridViewRowEventArgs e) in D:\KD\GSP\JCB\Source\JCB\JCB.UI\ReportTransaction.aspx.cs:line 395


11:15:14:Object reference not set to an instance of an object. 
    at JCB.UI.ReportTransaction.<>c__DisplayClass19.<rowCreated>b__18(Transaction t) in D:\KD\GSP\JCB\Source\JCB\JCB.UI\ReportTransaction.aspx.cs:line 397
   at System.Collections.Generic.List`1.FindAll(Predicate`1 match)
   at JCB.UI.ReportTransaction.rowCreated(Object sender, GridViewRowEventArgs e) in D:\KD\GSP\JCB\Source\JCB\JCB.UI\ReportTransaction.aspx.cs:line 395


11:15:14:Object reference not set to an instance of an object. 
    at JCB.UI.ReportTransaction.<>c__DisplayClass19.<rowCreated>b__18(Transaction t) in D:\KD\GSP\JCB\Source\JCB\JCB.UI\ReportTransaction.aspx.cs:line 397
   at System.Collections.Generic.List`1.FindAll(Predicate`1 match)
   at JCB.UI.ReportTransaction.rowCreated(Object sender, GridViewRowEventArgs e) in D:\KD\GSP\JCB\Source\JCB\JCB.UI\ReportTransaction.aspx.cs:line 395


11:15:14:Object reference not set to an instance of an object. 
    at JCB.UI.ReportTransaction.<>c__DisplayClass19.<rowCreated>b__18(Transaction t) in D:\KD\GSP\JCB\Source\JCB\JCB.UI\ReportTransaction.aspx.cs:line 397
   at System.Collections.Generic.List`1.FindAll(Predicate`1 match)
   at JCB.UI.ReportTransaction.rowCreated(Object sender, GridViewRowEventArgs e) in D:\KD\GSP\JCB\Source\JCB\JCB.UI\ReportTransaction.aspx.cs:line 395


11:15:14:Object reference not set to an instance of an object. 
    at JCB.UI.ReportTransaction.<>c__DisplayClass19.<rowCreated>b__18(Transaction t) in D:\KD\GSP\JCB\Source\JCB\JCB.UI\ReportTransaction.aspx.cs:line 397
   at System.Collections.Generic.List`1.FindAll(Predicate`1 match)
   at JCB.UI.ReportTransaction.rowCreated(Object sender, GridViewRowEventArgs e) in D:\KD\GSP\JCB\Source\JCB\JCB.UI\ReportTransaction.aspx.cs:line 395


11:15:14:Object reference not set to an instance of an object. 
    at JCB.UI.ReportTransaction.<>c__DisplayClass19.<rowCreated>b__18(Transaction t) in D:\KD\GSP\JCB\Source\JCB\JCB.UI\ReportTransaction.aspx.cs:line 397
   at System.Collections.Generic.List`1.FindAll(Predicate`1 match)
   at JCB.UI.ReportTransaction.rowCreated(Object sender, GridViewRowEventArgs e) in D:\KD\GSP\JCB\Source\JCB\JCB.UI\ReportTransaction.aspx.cs:line 395


11:15:14:Object reference not set to an instance of an object. 
    at JCB.UI.ReportTransaction.<>c__DisplayClass19.<rowCreated>b__18(Transaction t) in D:\KD\GSP\JCB\Source\JCB\JCB.UI\ReportTransaction.aspx.cs:line 397
   at System.Collections.Generic.List`1.FindAll(Predicate`1 match)
   at JCB.UI.ReportTransaction.rowCreated(Object sender, GridViewRowEventArgs e) in D:\KD\GSP\JCB\Source\JCB\JCB.UI\ReportTransaction.aspx.cs:line 395


11:15:14:Object reference not set to an instance of an object. 
    at JCB.UI.ReportTransaction.<>c__DisplayClass19.<rowCreated>b__18(Transaction t) in D:\KD\GSP\JCB\Source\JCB\JCB.UI\ReportTransaction.aspx.cs:line 397
   at System.Collections.Generic.List`1.FindAll(Predicate`1 match)
   at JCB.UI.ReportTransaction.rowCreated(Object sender, GridViewRowEventArgs e) in D:\KD\GSP\JCB\Source\JCB\JCB.UI\ReportTransaction.aspx.cs:line 395


11:15:14:Object reference not set to an instance of an object. 
    at JCB.UI.ReportTransaction.<>c__DisplayClass19.<rowCreated>b__18(Transaction t) in D:\KD\GSP\JCB\Source\JCB\JCB.UI\ReportTransaction.aspx.cs:line 397
   at System.Collections.Generic.List`1.FindAll(Predicate`1 match)
   at JCB.UI.ReportTransaction.rowCreated(Object sender, GridViewRowEventArgs e) in D:\KD\GSP\JCB\Source\JCB\JCB.UI\ReportTransaction.aspx.cs:line 395


11:15:14:Object reference not set to an instance of an object. 
    at JCB.UI.ReportTransaction.<>c__DisplayClass19.<rowCreated>b__18(Transaction t) in D:\KD\GSP\JCB\Source\JCB\JCB.UI\ReportTransaction.aspx.cs:line 397
   at System.Collections.Generic.List`1.FindAll(Predicate`1 match)
   at JCB.UI.ReportTransaction.rowCreated(Object sender, GridViewRowEventArgs e) in D:\KD\GSP\JCB\Source\JCB\JCB.UI\ReportTransaction.aspx.cs:line 395


11:15:14:Object reference not set to an instance of an object. 
    at JCB.UI.ReportTransaction.<>c__DisplayClass19.<rowCreated>b__18(Transaction t) in D:\KD\GSP\JCB\Source\JCB\JCB.UI\ReportTransaction.aspx.cs:line 397
   at System.Collections.Generic.List`1.FindAll(Predicate`1 match)
   at JCB.UI.ReportTransaction.rowCreated(Object sender, GridViewRowEventArgs e) in D:\KD\GSP\JCB\Source\JCB\JCB.UI\ReportTransaction.aspx.cs:line 395


11:15:27:Object reference not set to an instance of an object. 
    at JCB.UI.ReportTransaction.<>c__DisplayClass19.<rowCreated>b__18(Transaction t) in D:\KD\GSP\JCB\Source\JCB\JCB.UI\ReportTransaction.aspx.cs:line 397
   at System.Collections.Generic.List`1.FindAll(Predicate`1 match)
   at JCB.UI.ReportTransaction.rowCreated(Object sender, GridViewRowEventArgs e) in D:\KD\GSP\JCB\Source\JCB\JCB.UI\ReportTransaction.aspx.cs:line 395


11:15:27:Object reference not set to an instance of an object. 
    at JCB.UI.ReportTransaction.<>c__DisplayClass19.<rowCreated>b__18(Transaction t) in D:\KD\GSP\JCB\Source\JCB\JCB.UI\ReportTransaction.aspx.cs:line 397
   at System.Collections.Generic.List`1.FindAll(Predicate`1 match)
   at JCB.UI.ReportTransaction.rowCreated(Object sender, GridViewRowEventArgs e) in D:\KD\GSP\JCB\Source\JCB\JCB.UI\ReportTransaction.aspx.cs:line 395


11:15:27:Object reference not set to an instance of an object. 
    at JCB.UI.ReportTransaction.<>c__DisplayClass19.<rowCreated>b__18(Transaction t) in D:\KD\GSP\JCB\Source\JCB\JCB.UI\ReportTransaction.aspx.cs:line 397
   at System.Collections.Generic.List`1.FindAll(Predicate`1 match)
   at JCB.UI.ReportTransaction.rowCreated(Object sender, GridViewRowEventArgs e) in D:\KD\GSP\JCB\Source\JCB\JCB.UI\ReportTransaction.aspx.cs:line 395


11:15:27:Object reference not set to an instance of an object. 
    at JCB.UI.ReportTransaction.<>c__DisplayClass19.<rowCreated>b__18(Transaction t) in D:\KD\GSP\JCB\Source\JCB\JCB.UI\ReportTransaction.aspx.cs:line 397
   at System.Collections.Generic.List`1.FindAll(Predicate`1 match)
   at JCB.UI.ReportTransaction.rowCreated(Object sender, GridViewRowEventArgs e) in D:\KD\GSP\JCB\Source\JCB\JCB.UI\ReportTransaction.aspx.cs:line 395


11:15:27:Object reference not set to an instance of an object. 
    at JCB.UI.ReportTransaction.<>c__DisplayClass19.<rowCreated>b__18(Transaction t) in D:\KD\GSP\JCB\Source\JCB\JCB.UI\ReportTransaction.aspx.cs:line 397
   at System.Collections.Generic.List`1.FindAll(Predicate`1 match)
   at JCB.UI.ReportTransaction.rowCreated(Object sender, GridViewRowEventArgs e) in D:\KD\GSP\JCB\Source\JCB\JCB.UI\ReportTransaction.aspx.cs:line 395


11:15:27:Object reference not set to an instance of an object. 
    at JCB.UI.ReportTransaction.<>c__DisplayClass19.<rowCreated>b__18(Transaction t) in D:\KD\GSP\JCB\Source\JCB\JCB.UI\ReportTransaction.aspx.cs:line 397
   at System.Collections.Generic.List`1.FindAll(Predicate`1 match)
   at JCB.UI.ReportTransaction.rowCreated(Object sender, GridViewRowEventArgs e) in D:\KD\GSP\JCB\Source\JCB\JCB.UI\ReportTransaction.aspx.cs:line 395


11:16:08:Object reference not set to an instance of an object. 
    at JCB.UI.ReportTransaction.<>c__DisplayClass19.<rowCreated>b__18(Transaction t) in D:\KD\GSP\JCB\Source\JCB\JCB.UI\ReportTransaction.aspx.cs:line 397
   at System.Collections.Generic.List`1.FindAll(Predicate`1 match)
   at JCB.UI.ReportTransaction.rowCreated(Object sender, GridViewRowEventArgs e) in D:\KD\GSP\JCB\Source\JCB\JCB.UI\ReportTransaction.aspx.cs:line 395


11:16:08:Object reference not set to an instance of an object. 
    at JCB.UI.ReportTransaction.<>c__DisplayClass19.<rowCreated>b__18(Transaction t) in D:\KD\GSP\JCB\Source\JCB\JCB.UI\ReportTransaction.aspx.cs:line 397
   at System.Collections.Generic.List`1.FindAll(Predicate`1 match)
   at JCB.UI.ReportTransaction.rowCreated(Object sender, GridViewRowEventArgs e) in D:\KD\GSP\JCB\Source\JCB\JCB.UI\ReportTransaction.aspx.cs:line 395


11:16:08:Object reference not set to an instance of an object. 
    at JCB.UI.ReportTransaction.<>c__DisplayClass19.<rowCreated>b__18(Transaction t) in D:\KD\GSP\JCB\Source\JCB\JCB.UI\ReportTransaction.aspx.cs:line 397
   at System.Collections.Generic.List`1.FindAll(Predicate`1 match)
   at JCB.UI.ReportTransaction.rowCreated(Object sender, GridViewRowEventArgs e) in D:\KD\GSP\JCB\Source\JCB\JCB.UI\ReportTransaction.aspx.cs:line 395


11:16:08:Object reference not set to an instance of an object. 
    at JCB.UI.ReportTransaction.<>c__DisplayClass19.<rowCreated>b__18(Transaction t) in D:\KD\GSP\JCB\Source\JCB\JCB.UI\ReportTransaction.aspx.cs:line 397
   at System.Collections.Generic.List`1.FindAll(Predicate`1 match)
   at JCB.UI.ReportTransaction.rowCreated(Object sender, GridViewRowEventArgs e) in D:\KD\GSP\JCB\Source\JCB\JCB.UI\ReportTransaction.aspx.cs:line 395


11:16:08:Object reference not set to an instance of an object. 
    at JCB.UI.ReportTransaction.<>c__DisplayClass19.<rowCreated>b__18(Transaction t) in D:\KD\GSP\JCB\Source\JCB\JCB.UI\ReportTransaction.aspx.cs:line 397
   at System.Collections.Generic.List`1.FindAll(Predicate`1 match)
   at JCB.UI.ReportTransaction.rowCreated(Object sender, GridViewRowEventArgs e) in D:\KD\GSP\JCB\Source\JCB\JCB.UI\ReportTransaction.aspx.cs:line 395


11:16:08:Object reference not set to an instance of an object. 
    at JCB.UI.ReportTransaction.<>c__DisplayClass19.<rowCreated>b__18(Transaction t) in D:\KD\GSP\JCB\Source\JCB\JCB.UI\ReportTransaction.aspx.cs:line 397
   at System.Collections.Generic.List`1.FindAll(Predicate`1 match)
   at JCB.UI.ReportTransaction.rowCreated(Object sender, GridViewRowEventArgs e) in D:\KD\GSP\JCB\Source\JCB\JCB.UI\ReportTransaction.aspx.cs:line 395


11:17:27:Object reference not set to an instance of an object. 
    at JCB.UI.ReportTransaction.<>c__DisplayClass19.<rowCreated>b__18(Transaction t) in D:\KD\GSP\JCB\Source\JCB\JCB.UI\ReportTransaction.aspx.cs:line 399
   at System.Collections.Generic.List`1.FindAll(Predicate`1 match)
   at JCB.UI.ReportTransaction.rowCreated(Object sender, GridViewRowEventArgs e) in D:\KD\GSP\JCB\Source\JCB\JCB.UI\ReportTransaction.aspx.cs:line 397


11:17:27:Object reference not set to an instance of an object. 
    at JCB.UI.ReportTransaction.<>c__DisplayClass19.<rowCreated>b__18(Transaction t) in D:\KD\GSP\JCB\Source\JCB\JCB.UI\ReportTransaction.aspx.cs:line 399
   at System.Collections.Generic.List`1.FindAll(Predicate`1 match)
   at JCB.UI.ReportTransaction.rowCreated(Object sender, GridViewRowEventArgs e) in D:\KD\GSP\JCB\Source\JCB\JCB.UI\ReportTransaction.aspx.cs:line 397


11:17:27:Object reference not set to an instance of an object. 
    at JCB.UI.ReportTransaction.<>c__DisplayClass19.<rowCreated>b__18(Transaction t) in D:\KD\GSP\JCB\Source\JCB\JCB.UI\ReportTransaction.aspx.cs:line 399
   at System.Collections.Generic.List`1.FindAll(Predicate`1 match)
   at JCB.UI.ReportTransaction.rowCreated(Object sender, GridViewRowEventArgs e) in D:\KD\GSP\JCB\Source\JCB\JCB.UI\ReportTransaction.aspx.cs:line 397


11:17:27:Object reference not set to an instance of an object. 
    at JCB.UI.ReportTransaction.<>c__DisplayClass19.<rowCreated>b__18(Transaction t) in D:\KD\GSP\JCB\Source\JCB\JCB.UI\ReportTransaction.aspx.cs:line 399
   at System.Collections.Generic.List`1.FindAll(Predicate`1 match)
   at JCB.UI.ReportTransaction.rowCreated(Object sender, GridViewRowEventArgs e) in D:\KD\GSP\JCB\Source\JCB\JCB.UI\ReportTransaction.aspx.cs:line 397


11:17:27:Object reference not set to an instance of an object. 
    at JCB.UI.ReportTransaction.<>c__DisplayClass19.<rowCreated>b__18(Transaction t) in D:\KD\GSP\JCB\Source\JCB\JCB.UI\ReportTransaction.aspx.cs:line 399
   at System.Collections.Generic.List`1.FindAll(Predicate`1 match)
   at JCB.UI.ReportTransaction.rowCreated(Object sender, GridViewRowEventArgs e) in D:\KD\GSP\JCB\Source\JCB\JCB.UI\ReportTransaction.aspx.cs:line 397


11:17:27:Object reference not set to an instance of an object. 
    at JCB.UI.ReportTransaction.<>c__DisplayClass19.<rowCreated>b__18(Transaction t) in D:\KD\GSP\JCB\Source\JCB\JCB.UI\ReportTransaction.aspx.cs:line 399
   at System.Collections.Generic.List`1.FindAll(Predicate`1 match)
   at JCB.UI.ReportTransaction.rowCreated(Object sender, GridViewRowEventArgs e) in D:\KD\GSP\JCB\Source\JCB\JCB.UI\ReportTransaction.aspx.cs:line 397


11:17:27:Object reference not set to an instance of an object. 
    at JCB.UI.ReportTransaction.<>c__DisplayClass19.<rowCreated>b__18(Transaction t) in D:\KD\GSP\JCB\Source\JCB\JCB.UI\ReportTransaction.aspx.cs:line 399
   at System.Collections.Generic.List`1.FindAll(Predicate`1 match)
   at JCB.UI.ReportTransaction.rowCreated(Object sender, GridViewRowEventArgs e) in D:\KD\GSP\JCB\Source\JCB\JCB.UI\ReportTransaction.aspx.cs:line 397


11:17:27:Object reference not set to an instance of an object. 
    at JCB.UI.ReportTransaction.<>c__DisplayClass19.<rowCreated>b__18(Transaction t) in D:\KD\GSP\JCB\Source\JCB\JCB.UI\ReportTransaction.aspx.cs:line 399
   at System.Collections.Generic.List`1.FindAll(Predicate`1 match)
   at JCB.UI.ReportTransaction.rowCreated(Object sender, GridViewRowEventArgs e) in D:\KD\GSP\JCB\Source\JCB\JCB.UI\ReportTransaction.aspx.cs:line 397


11:17:27:Object reference not set to an instance of an object. 
    at JCB.UI.ReportTransaction.<>c__DisplayClass19.<rowCreated>b__18(Transaction t) in D:\KD\GSP\JCB\Source\JCB\JCB.UI\ReportTransaction.aspx.cs:line 399
   at System.Collections.Generic.List`1.FindAll(Predicate`1 match)
   at JCB.UI.ReportTransaction.rowCreated(Object sender, GridViewRowEventArgs e) in D:\KD\GSP\JCB\Source\JCB\JCB.UI\ReportTransaction.aspx.cs:line 397


11:17:27:Object reference not set to an instance of an object. 
    at JCB.UI.ReportTransaction.<>c__DisplayClass19.<rowCreated>b__18(Transaction t) in D:\KD\GSP\JCB\Source\JCB\JCB.UI\ReportTransaction.aspx.cs:line 399
   at System.Collections.Generic.List`1.FindAll(Predicate`1 match)
   at JCB.UI.ReportTransaction.rowCreated(Object sender, GridViewRowEventArgs e) in D:\KD\GSP\JCB\Source\JCB\JCB.UI\ReportTransaction.aspx.cs:line 397


11:17:27:Object reference not set to an instance of an object. 
    at JCB.UI.ReportTransaction.<>c__DisplayClass19.<rowCreated>b__18(Transaction t) in D:\KD\GSP\JCB\Source\JCB\JCB.UI\ReportTransaction.aspx.cs:line 399
   at System.Collections.Generic.List`1.FindAll(Predicate`1 match)
   at JCB.UI.ReportTransaction.rowCreated(Object sender, GridViewRowEventArgs e) in D:\KD\GSP\JCB\Source\JCB\JCB.UI\ReportTransaction.aspx.cs:line 397


11:17:47:Object reference not set to an instance of an object. 
    at JCB.UI.ReportTransaction.<>c__DisplayClass19.<rowCreated>b__18(Transaction t) in D:\KD\GSP\JCB\Source\JCB\JCB.UI\ReportTransaction.aspx.cs:line 399
   at System.Collections.Generic.List`1.FindAll(Predicate`1 match)
   at JCB.UI.ReportTransaction.rowCreated(Object sender, GridViewRowEventArgs e) in D:\KD\GSP\JCB\Source\JCB\JCB.UI\ReportTransaction.aspx.cs:line 397


11:17:52:Object reference not set to an instance of an object. 
    at JCB.UI.ReportTransaction.<>c__DisplayClass19.<rowCreated>b__18(Transaction t) in D:\KD\GSP\JCB\Source\JCB\JCB.UI\ReportTransaction.aspx.cs:line 399
   at System.Collections.Generic.List`1.FindAll(Predicate`1 match)
   at JCB.UI.ReportTransaction.rowCreated(Object sender, GridViewRowEventArgs e) in D:\KD\GSP\JCB\Source\JCB\JCB.UI\ReportTransaction.aspx.cs:line 397


11:17:52:Object reference not set to an instance of an object. 
    at JCB.UI.ReportTransaction.<>c__DisplayClass19.<rowCreated>b__18(Transaction t) in D:\KD\GSP\JCB\Source\JCB\JCB.UI\ReportTransaction.aspx.cs:line 399
   at System.Collections.Generic.List`1.FindAll(Predicate`1 match)
   at JCB.UI.ReportTransaction.rowCreated(Object sender, GridViewRowEventArgs e) in D:\KD\GSP\JCB\Source\JCB\JCB.UI\ReportTransaction.aspx.cs:line 397


11:17:52:Object reference not set to an instance of an object. 
    at JCB.UI.ReportTransaction.<>c__DisplayClass19.<rowCreated>b__18(Transaction t) in D:\KD\GSP\JCB\Source\JCB\JCB.UI\ReportTransaction.aspx.cs:line 399
   at System.Collections.Generic.List`1.FindAll(Predicate`1 match)
   at JCB.UI.ReportTransaction.rowCreated(Object sender, GridViewRowEventArgs e) in D:\KD\GSP\JCB\Source\JCB\JCB.UI\ReportTransaction.aspx.cs:line 397


11:17:52:Object reference not set to an instance of an object. 
    at JCB.UI.ReportTransaction.<>c__DisplayClass19.<rowCreated>b__18(Transaction t) in D:\KD\GSP\JCB\Source\JCB\JCB.UI\ReportTransaction.aspx.cs:line 399
   at System.Collections.Generic.List`1.FindAll(Predicate`1 match)
   at JCB.UI.ReportTransaction.rowCreated(Object sender, GridViewRowEventArgs e) in D:\KD\GSP\JCB\Source\JCB\JCB.UI\ReportTransaction.aspx.cs:line 397


11:17:52:Object reference not set to an instance of an object. 
    at JCB.UI.ReportTransaction.<>c__DisplayClass19.<rowCreated>b__18(Transaction t) in D:\KD\GSP\JCB\Source\JCB\JCB.UI\ReportTransaction.aspx.cs:line 399
   at System.Collections.Generic.List`1.FindAll(Predicate`1 match)
   at JCB.UI.ReportTransaction.rowCreated(Object sender, GridViewRowEventArgs e) in D:\KD\GSP\JCB\Source\JCB\JCB.UI\ReportTransaction.aspx.cs:line 397


11:17:52:Object reference not set to an instance of an object. 
    at JCB.UI.ReportTransaction.<>c__DisplayClass19.<rowCreated>b__18(Transaction t) in D:\KD\GSP\JCB\Source\JCB\JCB.UI\ReportTransaction.aspx.cs:line 399
   at System.Collections.Generic.List`1.FindAll(Predicate`1 match)
   at JCB.UI.ReportTransaction.rowCreated(Object sender, GridViewRowEventArgs e) in D:\KD\GSP\JCB\Source\JCB\JCB.UI\ReportTransaction.aspx.cs:line 397


11:17:52:Object reference not set to an instance of an object. 
    at JCB.UI.ReportTransaction.<>c__DisplayClass19.<rowCreated>b__18(Transaction t) in D:\KD\GSP\JCB\Source\JCB\JCB.UI\ReportTransaction.aspx.cs:line 399
   at System.Collections.Generic.List`1.FindAll(Predicate`1 match)
   at JCB.UI.ReportTransaction.rowCreated(Object sender, GridViewRowEventArgs e) in D:\KD\GSP\JCB\Source\JCB\JCB.UI\ReportTransaction.aspx.cs:line 397


11:17:52:Object reference not set to an instance of an object. 
    at JCB.UI.ReportTransaction.<>c__DisplayClass19.<rowCreated>b__18(Transaction t) in D:\KD\GSP\JCB\Source\JCB\JCB.UI\ReportTransaction.aspx.cs:line 399
   at System.Collections.Generic.List`1.FindAll(Predicate`1 match)
   at JCB.UI.ReportTransaction.rowCreated(Object sender, GridViewRowEventArgs e) in D:\KD\GSP\JCB\Source\JCB\JCB.UI\ReportTransaction.aspx.cs:line 397


11:17:52:Object reference not set to an instance of an object. 
    at JCB.UI.ReportTransaction.<>c__DisplayClass19.<rowCreated>b__18(Transaction t) in D:\KD\GSP\JCB\Source\JCB\JCB.UI\ReportTransaction.aspx.cs:line 399
   at System.Collections.Generic.List`1.FindAll(Predicate`1 match)
   at JCB.UI.ReportTransaction.rowCreated(Object sender, GridViewRowEventArgs e) in D:\KD\GSP\JCB\Source\JCB\JCB.UI\ReportTransaction.aspx.cs:line 397


11:17:52:Object reference not set to an instance of an object. 
    at JCB.UI.ReportTransaction.<>c__DisplayClass19.<rowCreated>b__18(Transaction t) in D:\KD\GSP\JCB\Source\JCB\JCB.UI\ReportTransaction.aspx.cs:line 399
   at System.Collections.Generic.List`1.FindAll(Predicate`1 match)
   at JCB.UI.ReportTransaction.rowCreated(Object sender, GridViewRowEventArgs e) in D:\KD\GSP\JCB\Source\JCB\JCB.UI\ReportTransaction.aspx.cs:line 397


11:17:52:Object reference not set to an instance of an object. 
    at JCB.UI.ReportTransaction.<>c__DisplayClass19.<rowCreated>b__18(Transaction t) in D:\KD\GSP\JCB\Source\JCB\JCB.UI\ReportTransaction.aspx.cs:line 399
   at System.Collections.Generic.List`1.FindAll(Predicate`1 match)
   at JCB.UI.ReportTransaction.rowCreated(Object sender, GridViewRowEventArgs e) in D:\KD\GSP\JCB\Source\JCB\JCB.UI\ReportTransaction.aspx.cs:line 397


